
*** Running vivado
    with args -log spi_wrapper.vdi -applog -m64 -product Vivado -messageDb vivado.pb -mode batch -source spi_wrapper.tcl -notrace


****** Vivado v2018.2 (64-bit)
  **** SW Build 2258646 on Thu Jun 14 20:03:12 MDT 2018
  **** IP Build 2256618 on Thu Jun 14 22:10:49 MDT 2018
    ** Copyright 1986-2018 Xilinx, Inc. All Rights Reserved.

source spi_wrapper.tcl -notrace
Command: link_design -top spi_wrapper -part xc7a35ticpg236-1L
Design is defaulting to srcset: sources_1
Design is defaulting to constrset: constrs_1
INFO: [Netlist 29-17] Analyzing 5 Unisim elements for replacement
INFO: [Netlist 29-28] Unisim Transformation completed in 0 CPU seconds
INFO: [Project 1-479] Netlist was created with Vivado 2018.2
INFO: [Device 21-403] Loading part xc7a35ticpg236-1L
INFO: [Project 1-570] Preparing netlist for logic optimization
Parsing XDC File [D:/Digital_Design_Diploma/Assignment_4/Constraints_basys3.xdc]
Finished Parsing XDC File [D:/Digital_Design_Diploma/Assignment_4/Constraints_basys3.xdc]
INFO: [Opt 31-138] Pushed 0 inverter(s) to 0 load pin(s).
INFO: [Project 1-111] Unisim Transformation Summary:
No Unisim elements were transformed.

7 Infos, 0 Warnings, 0 Critical Warnings and 0 Errors encountered.
link_design completed successfully
link_design: Time (s): cpu = 00:00:13 ; elapsed = 00:00:15 . Memory (MB): peak = 588.270 ; gain = 339.719
Command: opt_design
Attempting to get a license for feature 'Implementation' and/or device 'xc7a35ti'
INFO: [Common 17-349] Got license for feature 'Implementation' and/or device 'xc7a35ti'
Running DRC as a precondition to command opt_design

Starting DRC Task
INFO: [DRC 23-27] Running DRC with 2 threads
INFO: [Project 1-461] DRC finished with 0 Errors
INFO: [Project 1-462] Please refer to the DRC report (report_drc) for more information.

Time (s): cpu = 00:00:01 ; elapsed = 00:00:00.674 . Memory (MB): peak = 600.840 ; gain = 12.570

Starting Cache Timing Information Task
INFO: [Timing 38-35] Done setting XDC timing constraints.
Ending Cache Timing Information Task | Checksum: 17b690692

Time (s): cpu = 00:00:09 ; elapsed = 00:00:10 . Memory (MB): peak = 1102.035 ; gain = 501.195

Starting Logic Optimization Task

Phase 1 Generate And Synthesize Debug Cores
INFO: [Chipscope 16-329] Generating Script for core instance : dbg_hub 
INFO: [IP_Flow 19-234] Refreshing IP repositories
INFO: [IP_Flow 19-1704] No user IP repositories specified
INFO: [IP_Flow 19-2313] Loaded Vivado IP repository 'D:/Xilinx/Vivado/2018.2/data/ip'.
INFO: [IP_Flow 19-3806] Processing IP xilinx.com:ip:xsdbm:3.0 for cell dbg_hub_CV.
INFO: [Chipscope 16-329] Generating Script for core instance : u_ila_0 
INFO: [IP_Flow 19-3806] Processing IP xilinx.com:ip:ila:6.2 for cell u_ila_0_CV.
INFO: [Chipscope 16-220] Re-using generated and synthesized IP, "xilinx.com:ip:xsdbm:3.0", from Vivado IP cache entry "9a650ad267bdd151".
INFO: [Chipscope 16-220] Re-using generated and synthesized IP, "xilinx.com:ip:ila:6.2", from Vivado IP cache entry "84c35de80eb0d933".
Netlist sorting complete. Time (s): cpu = 00:00:00 ; elapsed = 00:00:00.021 . Memory (MB): peak = 1255.430 ; gain = 0.000
Phase 1 Generate And Synthesize Debug Cores | Checksum: 1011aa389

Time (s): cpu = 00:00:02 ; elapsed = 00:00:18 . Memory (MB): peak = 1255.430 ; gain = 153.395

Phase 2 Retarget
INFO: [Opt 31-138] Pushed 1 inverter(s) to 1 load pin(s).
INFO: [Opt 31-49] Retargeted 0 cell(s).
Phase 2 Retarget | Checksum: 5e13ddb1

Time (s): cpu = 00:00:02 ; elapsed = 00:00:18 . Memory (MB): peak = 1255.430 ; gain = 153.395
INFO: [Opt 31-389] Phase Retarget created 0 cells and removed 0 cells

Phase 3 Constant propagation
INFO: [Opt 31-138] Pushed 0 inverter(s) to 0 load pin(s).
Phase 3 Constant propagation | Checksum: 10180ead9

Time (s): cpu = 00:00:03 ; elapsed = 00:00:18 . Memory (MB): peak = 1255.430 ; gain = 153.395
INFO: [Opt 31-389] Phase Constant propagation created 0 cells and removed 16 cells

Phase 4 Sweep
Phase 4 Sweep | Checksum: 69c2bd9d

Time (s): cpu = 00:00:03 ; elapsed = 00:00:18 . Memory (MB): peak = 1255.430 ; gain = 153.395
INFO: [Opt 31-389] Phase Sweep created 0 cells and removed 68 cells

Phase 5 BUFG optimization
Phase 5 BUFG optimization | Checksum: 69c2bd9d

Time (s): cpu = 00:00:03 ; elapsed = 00:00:18 . Memory (MB): peak = 1255.430 ; gain = 153.395
INFO: [Opt 31-662] Phase BUFG optimization created 0 cells of which 0 are BUFGs and removed 0 cells.

Phase 6 Shift Register Optimization
Phase 6 Shift Register Optimization | Checksum: 1136f1602

Time (s): cpu = 00:00:03 ; elapsed = 00:00:18 . Memory (MB): peak = 1255.430 ; gain = 153.395
INFO: [Opt 31-389] Phase Shift Register Optimization created 0 cells and removed 0 cells

Phase 7 Post Processing Netlist
Phase 7 Post Processing Netlist | Checksum: 1136f1602

Time (s): cpu = 00:00:03 ; elapsed = 00:00:18 . Memory (MB): peak = 1255.430 ; gain = 153.395
INFO: [Opt 31-389] Phase Post Processing Netlist created 0 cells and removed 0 cells

Starting Connectivity Check Task

Time (s): cpu = 00:00:00 ; elapsed = 00:00:00.005 . Memory (MB): peak = 1255.430 ; gain = 0.000
Ending Logic Optimization Task | Checksum: 1136f1602

Time (s): cpu = 00:00:03 ; elapsed = 00:00:18 . Memory (MB): peak = 1255.430 ; gain = 153.395

Starting Power Optimization Task
INFO: [Pwropt 34-132] Skipping clock gating for clocks with a period < 2.00 ns.
INFO: [Timing 38-35] Done setting XDC timing constraints.
INFO: [Pwropt 34-9] Applying IDT optimizations ...
INFO: [Pwropt 34-10] Applying ODC optimizations ...
INFO: [Physopt 32-619] Estimated Timing Summary | WNS=4.856 | TNS=0.000 |
Running Vector-less Activity Propagation...

Finished Running Vector-less Activity Propagation


Starting PowerOpt Patch Enables Task
INFO: [Pwropt 34-162] WRITE_MODE attribute of 0 BRAM(s) out of a total of 2 has been updated to save power. Run report_power_opt to get a complete listing of the BRAMs updated.
INFO: [Pwropt 34-201] Structural ODC has moved 0 WE to EN ports
Number of BRAM Ports augmented: 1 newly gated: 0 Total Ports: 4
Ending PowerOpt Patch Enables Task | Checksum: 114bc65ac

Time (s): cpu = 00:00:00 ; elapsed = 00:00:00.018 . Memory (MB): peak = 1435.574 ; gain = 0.000
Ending Power Optimization Task | Checksum: 114bc65ac

Time (s): cpu = 00:00:01 ; elapsed = 00:00:01 . Memory (MB): peak = 1435.574 ; gain = 180.145

Starting Final Cleanup Task
Ending Final Cleanup Task | Checksum: 114bc65ac

Time (s): cpu = 00:00:00 ; elapsed = 00:00:00 . Memory (MB): peak = 1435.574 ; gain = 0.000
INFO: [Common 17-83] Releasing license: Implementation
44 Infos, 0 Warnings, 0 Critical Warnings and 0 Errors encountered.
opt_design completed successfully
opt_design: Time (s): cpu = 00:00:14 ; elapsed = 00:00:31 . Memory (MB): peak = 1435.574 ; gain = 847.305
INFO: [Timing 38-480] Writing timing data to binary archive.
Writing placer database...
Writing XDEF routing.
Writing XDEF routing logical nets.
Writing XDEF routing special nets.
Write XDEF Complete: Time (s): cpu = 00:00:00 ; elapsed = 00:00:00.035 . Memory (MB): peak = 1435.574 ; gain = 0.000
INFO: [Common 17-1381] The checkpoint 'D:/Digital_Design_Diploma/SPI_Linting/project_1/project_1.runs/impl_1/spi_wrapper_opt.dcp' has been generated.
INFO: [runtcl-4] Executing : report_drc -file spi_wrapper_drc_opted.rpt -pb spi_wrapper_drc_opted.pb -rpx spi_wrapper_drc_opted.rpx
Command: report_drc -file spi_wrapper_drc_opted.rpt -pb spi_wrapper_drc_opted.pb -rpx spi_wrapper_drc_opted.rpx
INFO: [IP_Flow 19-1839] IP Catalog is up to date.
INFO: [DRC 23-27] Running DRC with 2 threads
INFO: [Coretcl 2-168] The results of DRC are in file D:/Digital_Design_Diploma/SPI_Linting/project_1/project_1.runs/impl_1/spi_wrapper_drc_opted.rpt.
report_drc completed successfully
INFO: [Chipscope 16-240] Debug cores have already been implemented
Command: place_design
Attempting to get a license for feature 'Implementation' and/or device 'xc7a35ti'
INFO: [Common 17-349] Got license for feature 'Implementation' and/or device 'xc7a35ti'
INFO: [DRC 23-27] Running DRC with 2 threads
INFO: [Vivado_Tcl 4-198] DRC finished with 0 Errors
INFO: [Vivado_Tcl 4-199] Please refer to the DRC report (report_drc) for more information.
Running DRC as a precondition to command place_design
INFO: [DRC 23-27] Running DRC with 2 threads
INFO: [Vivado_Tcl 4-198] DRC finished with 0 Errors
INFO: [Vivado_Tcl 4-199] Please refer to the DRC report (report_drc) for more information.

Starting Placer Task
INFO: [Place 30-611] Multithreading enabled for place_design using a maximum of 2 CPUs

Phase 1 Placer Initialization

Phase 1.1 Placer Initialization Netlist Sorting
Netlist sorting complete. Time (s): cpu = 00:00:00 ; elapsed = 00:00:00.005 . Memory (MB): peak = 1435.574 ; gain = 0.000
Phase 1.1 Placer Initialization Netlist Sorting | Checksum: 57a0fa16

Time (s): cpu = 00:00:00 ; elapsed = 00:00:00.015 . Memory (MB): peak = 1435.574 ; gain = 0.000
INFO: [Timing 38-35] Done setting XDC timing constraints.
INFO: [Opt 31-138] Pushed 0 inverter(s) to 0 load pin(s).
Netlist sorting complete. Time (s): cpu = 00:00:00 ; elapsed = 00:00:00.004 . Memory (MB): peak = 1435.574 ; gain = 0.000

Phase 1.2 IO Placement/ Clock Placement/ Build Placer Device
INFO: [Timing 38-35] Done setting XDC timing constraints.
Phase 1.2 IO Placement/ Clock Placement/ Build Placer Device | Checksum: 17ec76925

Time (s): cpu = 00:00:01 ; elapsed = 00:00:00.847 . Memory (MB): peak = 1435.574 ; gain = 0.000

Phase 1.3 Build Placer Netlist Model
Phase 1.3 Build Placer Netlist Model | Checksum: 1e8474d06

Time (s): cpu = 00:00:02 ; elapsed = 00:00:01 . Memory (MB): peak = 1435.574 ; gain = 0.000

Phase 1.4 Constrain Clocks/Macros
Phase 1.4 Constrain Clocks/Macros | Checksum: 1e8474d06

Time (s): cpu = 00:00:02 ; elapsed = 00:00:01 . Memory (MB): peak = 1435.574 ; gain = 0.000
Phase 1 Placer Initialization | Checksum: 1e8474d06

Time (s): cpu = 00:00:02 ; elapsed = 00:00:01 . Memory (MB): peak = 1435.574 ; gain = 0.000

Phase 2 Global Placement

Phase 2.1 Floorplanning
Phase 2.1 Floorplanning | Checksum: 1fcd1722b

Time (s): cpu = 00:00:02 ; elapsed = 00:00:02 . Memory (MB): peak = 1435.574 ; gain = 0.000

Phase 2.2 Physical Synthesis In Placer
INFO: [Physopt 32-65] No nets found for high-fanout optimization.
INFO: [Physopt 32-232] Optimized 0 net. Created 0 new instance.
INFO: [Physopt 32-775] End 1 Pass. Optimized 0 net or cell. Created 0 new cell, deleted 0 existing cell and moved 0 existing cell
Netlist sorting complete. Time (s): cpu = 00:00:00 ; elapsed = 00:00:00.005 . Memory (MB): peak = 1435.574 ; gain = 0.000

Summary of Physical Synthesis Optimizations
============================================


-----------------------------------------------------------------------------------------------------------------------------
|  Optimization       |  Added Cells  |  Removed Cells  |  Optimized Cells/Nets  |  Dont Touch  |  Iterations  |  Elapsed   |
-----------------------------------------------------------------------------------------------------------------------------
|  Very High Fanout   |            0  |              0  |                     0  |           0  |           1  |  00:00:00  |
|  Total              |            0  |              0  |                     0  |           0  |           1  |  00:00:00  |
-----------------------------------------------------------------------------------------------------------------------------


Phase 2.2 Physical Synthesis In Placer | Checksum: 16075c22d

Time (s): cpu = 00:00:05 ; elapsed = 00:00:03 . Memory (MB): peak = 1435.574 ; gain = 0.000
Phase 2 Global Placement | Checksum: 18f7c44ac

Time (s): cpu = 00:00:05 ; elapsed = 00:00:04 . Memory (MB): peak = 1435.574 ; gain = 0.000

Phase 3 Detail Placement

Phase 3.1 Commit Multi Column Macros
Phase 3.1 Commit Multi Column Macros | Checksum: 18f7c44ac

Time (s): cpu = 00:00:05 ; elapsed = 00:00:04 . Memory (MB): peak = 1435.574 ; gain = 0.000

Phase 3.2 Commit Most Macros & LUTRAMs
Phase 3.2 Commit Most Macros & LUTRAMs | Checksum: 16c2f8e2d

Time (s): cpu = 00:00:05 ; elapsed = 00:00:04 . Memory (MB): peak = 1435.574 ; gain = 0.000

Phase 3.3 Area Swap Optimization
Phase 3.3 Area Swap Optimization | Checksum: 174e208aa

Time (s): cpu = 00:00:05 ; elapsed = 00:00:04 . Memory (MB): peak = 1435.574 ; gain = 0.000

Phase 3.4 Pipeline Register Optimization
Phase 3.4 Pipeline Register Optimization | Checksum: 11c21498b

Time (s): cpu = 00:00:05 ; elapsed = 00:00:04 . Memory (MB): peak = 1435.574 ; gain = 0.000

Phase 3.5 Small Shape Detail Placement
Phase 3.5 Small Shape Detail Placement | Checksum: 2133ea367

Time (s): cpu = 00:00:06 ; elapsed = 00:00:04 . Memory (MB): peak = 1435.574 ; gain = 0.000

Phase 3.6 Re-assign LUT pins
Phase 3.6 Re-assign LUT pins | Checksum: 231d1ea86

Time (s): cpu = 00:00:06 ; elapsed = 00:00:04 . Memory (MB): peak = 1435.574 ; gain = 0.000

Phase 3.7 Pipeline Register Optimization
Phase 3.7 Pipeline Register Optimization | Checksum: 231d1ea86

Time (s): cpu = 00:00:06 ; elapsed = 00:00:05 . Memory (MB): peak = 1435.574 ; gain = 0.000
Phase 3 Detail Placement | Checksum: 231d1ea86

Time (s): cpu = 00:00:06 ; elapsed = 00:00:05 . Memory (MB): peak = 1435.574 ; gain = 0.000

Phase 4 Post Placement Optimization and Clean-Up

Phase 4.1 Post Commit Optimization
INFO: [Timing 38-35] Done setting XDC timing constraints.

Phase 4.1.1 Post Placement Optimization
Post Placement Optimization Initialization | Checksum: 1c8020fa6

Phase 4.1.1.1 BUFG Insertion
INFO: [Place 46-31] BUFG insertion identified 0 candidate nets, 0 success, 0 skipped for placement/routing, 0 skipped for timing, 0 skipped for netlist change reason.
Phase 4.1.1.1 BUFG Insertion | Checksum: 1c8020fa6

Time (s): cpu = 00:00:06 ; elapsed = 00:00:05 . Memory (MB): peak = 1435.574 ; gain = 0.000
INFO: [Place 30-746] Post Placement Timing Summary WNS=4.102. For the most accurate timing information please run report_timing.
Phase 4.1.1 Post Placement Optimization | Checksum: 1209761b0

Time (s): cpu = 00:00:06 ; elapsed = 00:00:05 . Memory (MB): peak = 1435.574 ; gain = 0.000
Phase 4.1 Post Commit Optimization | Checksum: 1209761b0

Time (s): cpu = 00:00:06 ; elapsed = 00:00:05 . Memory (MB): peak = 1435.574 ; gain = 0.000

Phase 4.2 Post Placement Cleanup
Phase 4.2 Post Placement Cleanup | Checksum: 1209761b0

Time (s): cpu = 00:00:06 ; elapsed = 00:00:05 . Memory (MB): peak = 1435.574 ; gain = 0.000

Phase 4.3 Placer Reporting
Phase 4.3 Placer Reporting | Checksum: 1209761b0

Time (s): cpu = 00:00:06 ; elapsed = 00:00:05 . Memory (MB): peak = 1435.574 ; gain = 0.000

Phase 4.4 Final Placement Cleanup
Phase 4.4 Final Placement Cleanup | Checksum: 16036f07d

Time (s): cpu = 00:00:06 ; elapsed = 00:00:05 . Memory (MB): peak = 1435.574 ; gain = 0.000
Phase 4 Post Placement Optimization and Clean-Up | Checksum: 16036f07d

Time (s): cpu = 00:00:06 ; elapsed = 00:00:05 . Memory (MB): peak = 1435.574 ; gain = 0.000
Ending Placer Task | Checksum: 15723317a

Time (s): cpu = 00:00:06 ; elapsed = 00:00:05 . Memory (MB): peak = 1435.574 ; gain = 0.000
INFO: [Common 17-83] Releasing license: Implementation
69 Infos, 0 Warnings, 0 Critical Warnings and 0 Errors encountered.
place_design completed successfully
place_design: Time (s): cpu = 00:00:08 ; elapsed = 00:00:06 . Memory (MB): peak = 1435.574 ; gain = 0.000
INFO: [Timing 38-480] Writing timing data to binary archive.
Writing placer database...
Writing XDEF routing.
Writing XDEF routing logical nets.
Writing XDEF routing special nets.
Write XDEF Complete: Time (s): cpu = 00:00:00 ; elapsed = 00:00:00.213 . Memory (MB): peak = 1435.574 ; gain = 0.000
INFO: [Common 17-1381] The checkpoint 'D:/Digital_Design_Diploma/SPI_Linting/project_1/project_1.runs/impl_1/spi_wrapper_placed.dcp' has been generated.
INFO: [runtcl-4] Executing : report_io -file spi_wrapper_io_placed.rpt
report_io: Time (s): cpu = 00:00:00 ; elapsed = 00:00:00.021 . Memory (MB): peak = 1435.574 ; gain = 0.000
INFO: [runtcl-4] Executing : report_utilization -file spi_wrapper_utilization_placed.rpt -pb spi_wrapper_utilization_placed.pb
report_utilization: Time (s): cpu = 00:00:00 ; elapsed = 00:00:00.037 . Memory (MB): peak = 1435.574 ; gain = 0.000
INFO: [runtcl-4] Executing : report_control_sets -verbose -file spi_wrapper_control_sets_placed.rpt
report_control_sets: Time (s): cpu = 00:00:00 ; elapsed = 00:00:00.013 . Memory (MB): peak = 1435.574 ; gain = 0.000
Command: route_design
Attempting to get a license for feature 'Implementation' and/or device 'xc7a35ti'
INFO: [Common 17-349] Got license for feature 'Implementation' and/or device 'xc7a35ti'
Running DRC as a precondition to command route_design
INFO: [DRC 23-27] Running DRC with 2 threads
INFO: [Vivado_Tcl 4-198] DRC finished with 0 Errors
INFO: [Vivado_Tcl 4-199] Please refer to the DRC report (report_drc) for more information.


Starting Routing Task
INFO: [Route 35-254] Multithreading enabled for route_design using a maximum of 2 CPUs
Checksum: PlaceDB: 6880fcad ConstDB: 0 ShapeSum: eea234cd RouteDB: 0

Phase 1 Build RT Design
Phase 1 Build RT Design | Checksum: 12a98db60

Time (s): cpu = 00:00:14 ; elapsed = 00:00:13 . Memory (MB): peak = 1435.574 ; gain = 0.000
Post Restoration Checksum: NetGraph: 7699924a NumContArr: b3ff4916 Constraints: 0 Timing: 0

Phase 2 Router Initialization

Phase 2.1 Create Timer
Phase 2.1 Create Timer | Checksum: 12a98db60

Time (s): cpu = 00:00:14 ; elapsed = 00:00:13 . Memory (MB): peak = 1435.574 ; gain = 0.000

Phase 2.2 Fix Topology Constraints
Phase 2.2 Fix Topology Constraints | Checksum: 12a98db60

Time (s): cpu = 00:00:14 ; elapsed = 00:00:13 . Memory (MB): peak = 1435.574 ; gain = 0.000

Phase 2.3 Pre Route Cleanup
Phase 2.3 Pre Route Cleanup | Checksum: 12a98db60

Time (s): cpu = 00:00:14 ; elapsed = 00:00:13 . Memory (MB): peak = 1435.574 ; gain = 0.000
 Number of Nodes with overlaps = 0

Phase 2.4 Update Timing
Phase 2.4 Update Timing | Checksum: 1086d2324

Time (s): cpu = 00:00:15 ; elapsed = 00:00:13 . Memory (MB): peak = 1435.574 ; gain = 0.000
INFO: [Route 35-416] Intermediate Timing Summary | WNS=4.283  | TNS=0.000  | WHS=-1.122 | THS=-76.302|


Phase 2.5 Update Timing for Bus Skew

Phase 2.5.1 Update Timing
Phase 2.5.1 Update Timing | Checksum: 1cab26c01

Time (s): cpu = 00:00:15 ; elapsed = 00:00:13 . Memory (MB): peak = 1435.574 ; gain = 0.000
INFO: [Route 35-416] Intermediate Timing Summary | WNS=4.283  | TNS=0.000  | WHS=N/A    | THS=N/A    |

Phase 2.5 Update Timing for Bus Skew | Checksum: 112230be3

Time (s): cpu = 00:00:15 ; elapsed = 00:00:13 . Memory (MB): peak = 1435.574 ; gain = 0.000
Phase 2 Router Initialization | Checksum: 1df6ca527

Time (s): cpu = 00:00:15 ; elapsed = 00:00:13 . Memory (MB): peak = 1435.574 ; gain = 0.000

Phase 3 Initial Routing
Phase 3 Initial Routing | Checksum: 1cd2d80ad

Time (s): cpu = 00:00:16 ; elapsed = 00:00:14 . Memory (MB): peak = 1435.574 ; gain = 0.000

Phase 4 Rip-up And Reroute

Phase 4.1 Global Iteration 0
 Number of Nodes with overlaps = 300
 Number of Nodes with overlaps = 4
 Number of Nodes with overlaps = 0
INFO: [Route 35-416] Intermediate Timing Summary | WNS=2.774  | TNS=0.000  | WHS=N/A    | THS=N/A    |

Phase 4.1 Global Iteration 0 | Checksum: b9e45217

Time (s): cpu = 00:00:17 ; elapsed = 00:00:14 . Memory (MB): peak = 1435.574 ; gain = 0.000

Phase 4.2 Global Iteration 1
 Number of Nodes with overlaps = 0
INFO: [Route 35-416] Intermediate Timing Summary | WNS=2.774  | TNS=0.000  | WHS=N/A    | THS=N/A    |

Phase 4.2 Global Iteration 1 | Checksum: 2841f22fc

Time (s): cpu = 00:00:17 ; elapsed = 00:00:14 . Memory (MB): peak = 1435.574 ; gain = 0.000
Phase 4 Rip-up And Reroute | Checksum: 2841f22fc

Time (s): cpu = 00:00:17 ; elapsed = 00:00:14 . Memory (MB): peak = 1435.574 ; gain = 0.000

Phase 5 Delay and Skew Optimization

Phase 5.1 Delay CleanUp
Phase 5.1 Delay CleanUp | Checksum: 2841f22fc

Time (s): cpu = 00:00:17 ; elapsed = 00:00:14 . Memory (MB): peak = 1435.574 ; gain = 0.000

Phase 5.2 Clock Skew Optimization
Phase 5.2 Clock Skew Optimization | Checksum: 2841f22fc

Time (s): cpu = 00:00:17 ; elapsed = 00:00:14 . Memory (MB): peak = 1435.574 ; gain = 0.000
Phase 5 Delay and Skew Optimization | Checksum: 2841f22fc

Time (s): cpu = 00:00:17 ; elapsed = 00:00:14 . Memory (MB): peak = 1435.574 ; gain = 0.000

Phase 6 Post Hold Fix

Phase 6.1 Hold Fix Iter

Phase 6.1.1 Update Timing
Phase 6.1.1 Update Timing | Checksum: 23c3e40a9

Time (s): cpu = 00:00:17 ; elapsed = 00:00:14 . Memory (MB): peak = 1435.574 ; gain = 0.000
INFO: [Route 35-416] Intermediate Timing Summary | WNS=2.774  | TNS=0.000  | WHS=0.018  | THS=0.000  |

Phase 6.1 Hold Fix Iter | Checksum: 1cdbaf9f9

Time (s): cpu = 00:00:17 ; elapsed = 00:00:14 . Memory (MB): peak = 1435.574 ; gain = 0.000
Phase 6 Post Hold Fix | Checksum: 1cdbaf9f9

Time (s): cpu = 00:00:17 ; elapsed = 00:00:14 . Memory (MB): peak = 1435.574 ; gain = 0.000

Phase 7 Route finalize

Router Utilization Summary
  Global Vertical Routing Utilization    = 0.461772 %
  Global Horizontal Routing Utilization  = 0.657861 %
  Routable Net Status*
  *Does not include unroutable nets such as driverless and loadless.
  Run report_route_status for detailed report.
  Number of Failed Nets               = 0
  Number of Unrouted Nets             = 0
  Number of Partially Routed Nets     = 0
  Number of Node Overlaps             = 0

Phase 7 Route finalize | Checksum: 1cdbaf9f9

Time (s): cpu = 00:00:17 ; elapsed = 00:00:14 . Memory (MB): peak = 1435.574 ; gain = 0.000

Phase 8 Verifying routed nets

 Verification completed successfully
Phase 8 Verifying routed nets | Checksum: 1cdbaf9f9

Time (s): cpu = 00:00:17 ; elapsed = 00:00:14 . Memory (MB): peak = 1435.574 ; gain = 0.000

Phase 9 Depositing Routes
Phase 9 Depositing Routes | Checksum: 1b40c3c9f

Time (s): cpu = 00:00:17 ; elapsed = 00:00:15 . Memory (MB): peak = 1435.574 ; gain = 0.000

Phase 10 Post Router Timing
INFO: [Route 35-57] Estimated Timing Summary | WNS=2.774  | TNS=0.000  | WHS=0.018  | THS=0.000  |

INFO: [Route 35-327] The final timing numbers are based on the router estimated timing analysis. For a complete and accurate timing signoff, please run report_timing_summary.
Phase 10 Post Router Timing | Checksum: 1b40c3c9f

Time (s): cpu = 00:00:17 ; elapsed = 00:00:15 . Memory (MB): peak = 1435.574 ; gain = 0.000
INFO: [Route 35-16] Router Completed Successfully

Time (s): cpu = 00:00:17 ; elapsed = 00:00:15 . Memory (MB): peak = 1435.574 ; gain = 0.000

Routing Is Done.
INFO: [Common 17-83] Releasing license: Implementation
88 Infos, 0 Warnings, 0 Critical Warnings and 0 Errors encountered.
route_design completed successfully
route_design: Time (s): cpu = 00:00:18 ; elapsed = 00:00:15 . Memory (MB): peak = 1435.574 ; gain = 0.000
INFO: [Timing 38-480] Writing timing data to binary archive.
Writing placer database...
Writing XDEF routing.
Writing XDEF routing logical nets.
Writing XDEF routing special nets.
Write XDEF Complete: Time (s): cpu = 00:00:01 ; elapsed = 00:00:00.228 . Memory (MB): peak = 1435.574 ; gain = 0.000
INFO: [Common 17-1381] The checkpoint 'D:/Digital_Design_Diploma/SPI_Linting/project_1/project_1.runs/impl_1/spi_wrapper_routed.dcp' has been generated.
INFO: [runtcl-4] Executing : report_drc -file spi_wrapper_drc_routed.rpt -pb spi_wrapper_drc_routed.pb -rpx spi_wrapper_drc_routed.rpx
Command: report_drc -file spi_wrapper_drc_routed.rpt -pb spi_wrapper_drc_routed.pb -rpx spi_wrapper_drc_routed.rpx
INFO: [IP_Flow 19-1839] IP Catalog is up to date.
INFO: [DRC 23-27] Running DRC with 2 threads
INFO: [Coretcl 2-168] The results of DRC are in file D:/Digital_Design_Diploma/SPI_Linting/project_1/project_1.runs/impl_1/spi_wrapper_drc_routed.rpt.
report_drc completed successfully
INFO: [runtcl-4] Executing : report_methodology -file spi_wrapper_methodology_drc_routed.rpt -pb spi_wrapper_methodology_drc_routed.pb -rpx spi_wrapper_methodology_drc_routed.rpx
Command: report_methodology -file spi_wrapper_methodology_drc_routed.rpt -pb spi_wrapper_methodology_drc_routed.pb -rpx spi_wrapper_methodology_drc_routed.rpx
INFO: [Timing 38-35] Done setting XDC timing constraints.
INFO: [Timing 38-35] Done setting XDC timing constraints.
INFO: [DRC 23-133] Running Methodology with 2 threads
INFO: [Coretcl 2-1520] The results of Report Methodology are in file D:/Digital_Design_Diploma/SPI_Linting/project_1/project_1.runs/impl_1/spi_wrapper_methodology_drc_routed.rpt.
report_methodology completed successfully
INFO: [runtcl-4] Executing : report_power -file spi_wrapper_power_routed.rpt -pb spi_wrapper_power_summary_routed.pb -rpx spi_wrapper_power_routed.rpx
Command: report_power -file spi_wrapper_power_routed.rpt -pb spi_wrapper_power_summary_routed.pb -rpx spi_wrapper_power_routed.rpx
INFO: [Timing 38-35] Done setting XDC timing constraints.
Running Vector-less Activity Propagation...

Finished Running Vector-less Activity Propagation
101 Infos, 0 Warnings, 0 Critical Warnings and 0 Errors encountered.
report_power completed successfully
INFO: [runtcl-4] Executing : report_route_status -file spi_wrapper_route_status.rpt -pb spi_wrapper_route_status.pb
INFO: [runtcl-4] Executing : report_timing_summary -max_paths 10 -file spi_wrapper_timing_summary_routed.rpt -pb spi_wrapper_timing_summary_routed.pb -rpx spi_wrapper_timing_summary_routed.rpx -warn_on_violation 
INFO: [Timing 38-91] UpdateTimingParams: Speed grade: -1L, Delay Type: min_max, Timing Stage: Requireds.
INFO: [Timing 38-191] Multithreading enabled for timing update using a maximum of 2 CPUs
WARNING: [Timing 38-436] There are set_bus_skew constraint(s) in this design. Please run report_bus_skew to ensure that bus skew requirements are met.
INFO: [runtcl-4] Executing : report_incremental_reuse -file spi_wrapper_incremental_reuse_routed.rpt
INFO: [Vivado_Tcl 4-545] No incremental reuse to report, no incremental placement and routing data was found.
INFO: [runtcl-4] Executing : report_clock_utilization -file spi_wrapper_clock_utilization_routed.rpt
INFO: [runtcl-4] Executing : report_bus_skew -warn_on_violation -file spi_wrapper_bus_skew_routed.rpt -pb spi_wrapper_bus_skew_routed.pb -rpx spi_wrapper_bus_skew_routed.rpx
INFO: [Timing 38-91] UpdateTimingParams: Speed grade: -1L, Delay Type: min_max, Timing Stage: Requireds.
INFO: [Timing 38-191] Multithreading enabled for timing update using a maximum of 2 CPUs
Command: write_bitstream -force spi_wrapper.bit
Attempting to get a license for feature 'Implementation' and/or device 'xc7a35ti'
INFO: [Common 17-349] Got license for feature 'Implementation' and/or device 'xc7a35ti'
Running DRC as a precondition to command write_bitstream
INFO: [IP_Flow 19-1839] IP Catalog is up to date.
INFO: [DRC 23-27] Running DRC with 2 threads
WARNING: [DRC PDRC-153] Gated clock check: Net spi/FSM_sequential_ns_reg[2]_i_2_n_0 is a gated clock net sourced by a combinational pin spi/FSM_sequential_ns_reg[2]_i_2/O, cell spi/FSM_sequential_ns_reg[2]_i_2. This is not good design practice and will likely impact performance. For SLICE registers, for example, use the CE pin to control the loading of data.
WARNING: [DRC PDRC-153] Gated clock check: Net spi/address_read_reg_i_2_n_0 is a gated clock net sourced by a combinational pin spi/address_read_reg_i_2/O, cell spi/address_read_reg_i_2. This is not good design practice and will likely impact performance. For SLICE registers, for example, use the CE pin to control the loading of data.
WARNING: [DRC RTSTAT-10] No routable loads: 25 net(s) have no routable loads. The problem bus(es) and/or net(s) are dbg_hub/inst/BSCANID.u_xsdbm_id/CORE_XSDB.UUT_MASTER/U_ICON_INTERFACE/U_CMD6_RD/U_RD_FIFO/SUBCORE_FIFO.xsdbm_v3_0_0_rdfifo_inst/inst_fifo_gen/gconvfifo.rf/grf.rf/gntv_or_sync_fifo.gl0.rd/gr1.gr1_int.rfwft/aempty_fwft_i, dbg_hub/inst/BSCANID.u_xsdbm_id/CORE_XSDB.UUT_MASTER/U_ICON_INTERFACE/U_CMD7_CTL/ctl_reg[2:0], dbg_hub/inst/BSCANID.u_xsdbm_id/CORE_XSDB.UUT_MASTER/U_ICON_INTERFACE/U_CMD7_CTL/ctl_reg_en_2[1], dbg_hub/inst/BSCANID.u_xsdbm_id/CORE_XSDB.UUT_MASTER/U_ICON_INTERFACE/U_CMD1/ctl_reg_en_2[1], dbg_hub/inst/BSCANID.u_xsdbm_id/SWITCH_N_EXT_BSCAN.bscan_switch/m_bscan_capture[0], dbg_hub/inst/BSCANID.u_xsdbm_id/SWITCH_N_EXT_BSCAN.bscan_switch/m_bscan_drck[0], dbg_hub/inst/BSCANID.u_xsdbm_id/SWITCH_N_EXT_BSCAN.bscan_switch/m_bscan_runtest[0], dbg_hub/inst/BSCANID.u_xsdbm_id/CORE_XSDB.UUT_MASTER/U_ICON_INTERFACE/U_CMD6_WR/U_WR_FIFO/SUBCORE_FIFO.xsdbm_v3_0_0_wrfifo_inst/inst_fifo_gen/gconvfifo.rf/grf.rf/gntv_or_sync_fifo.gl0.wr/gwhf.whf/overflow, dbg_hub/inst/BSCANID.u_xsdbm_id/CORE_XSDB.UUT_MASTER/U_ICON_INTERFACE/U_CMD6_RD/U_RD_FIFO/SUBCORE_FIFO.xsdbm_v3_0_0_rdfifo_inst/inst_fifo_gen/gconvfifo.rf/grf.rf/gntv_or_sync_fifo.gl0.wr/gwhf.whf/overflow, dbg_hub/inst/BSCANID.u_xsdbm_id/CORE_XSDB.UUT_MASTER/U_ICON_INTERFACE/U_CMD6_RD/U_RD_FIFO/SUBCORE_FIFO.xsdbm_v3_0_0_rdfifo_inst/inst_fifo_gen/gconvfifo.rf/grf.rf/gntv_or_sync_fifo.gl0.rd/gras.rsts/ram_empty_i, dbg_hub/inst/BSCANID.u_xsdbm_id/CORE_XSDB.UUT_MASTER/U_ICON_INTERFACE/U_CMD6_WR/U_WR_FIFO/SUBCORE_FIFO.xsdbm_v3_0_0_wrfifo_inst/inst_fifo_gen/gconvfifo.rf/grf.rf/gntv_or_sync_fifo.gl0.wr/gwas.wsts/ram_full_i, dbg_hub/inst/BSCANID.u_xsdbm_id/CORE_XSDB.UUT_MASTER/U_ICON_INTERFACE/U_CMD6_WR/U_WR_FIFO/SUBCORE_FIFO.xsdbm_v3_0_0_wrfifo_inst/inst_fifo_gen/gconvfifo.rf/grf.rf/rstblk/rd_rst_reg[0], dbg_hub/inst/BSCANID.u_xsdbm_id/SWITCH_N_EXT_BSCAN.bscan_inst/s_bscan_tms, u_ila_0/inst/ila_core_inst/u_ila_regs/U_XSDB_SLAVE/s_daddr_o[13], u_ila_0/inst/ila_core_inst/u_ila_regs/U_XSDB_SLAVE/s_daddr_o[14]... and (the first 15 of 23 listed).
INFO: [Vivado 12-3199] DRC finished with 0 Errors, 3 Warnings
INFO: [Vivado 12-3200] Please refer to the DRC report (report_drc) for more information.
INFO: [Designutils 20-2272] Running write_bitstream with 2 threads.
Loading data files...
Loading site data...
Loading route data...
Processing options...
Creating bitmap...
Creating bitstream...
Bitstream compression saved 13348640 bits.
Writing bitstream ./spi_wrapper.bit...
INFO: [Vivado 12-1842] Bitgen Completed Successfully.
INFO: [Project 1-120] WebTalk data collection is mandatory when using a WebPACK part without a full Vivado license. To see the specific WebTalk data collected for your design, open the usage_statistics_webtalk.html or usage_statistics_webtalk.xml file in the implementation directory.
INFO: [Common 17-83] Releasing license: Implementation
120 Infos, 4 Warnings, 0 Critical Warnings and 0 Errors encountered.
write_bitstream completed successfully
write_bitstream: Time (s): cpu = 00:00:08 ; elapsed = 00:00:15 . Memory (MB): peak = 1855.984 ; gain = 413.215
INFO: [Common 17-206] Exiting Vivado at Tue Aug  5 08:36:28 2025...
